<?xml version="1.0" encoding="UTF-8"?>
<!-- Generated by org.testng.reporters.JUnitReportReporter -->
<testsuite hostname="MSI" name="TestNG" tests="1" failures="0" timestamp="16 Oct 2022 04:50:42 GMT" time="0.007" errors="0">
  <testcase name="hello" time="0.007" classname="TestNG"/>
</testsuite> <!-- TestNG -->
